<?xml version="1.0" encoding="UTF-8"?>
<testng-results ignored="0" total="1" passed="1" failed="0" skipped="0">
  <reporter-output>
  </reporter-output>
  <suite started-at="2020-08-10T11:14:01 PST" name="Default suite" finished-at="2020-08-10T11:15:19 PST" duration-ms="77452">
    <groups>
    </groups>
    <test started-at="2020-08-10T11:14:01 PST" name="Default test" finished-at="2020-08-10T11:15:19 PST" duration-ms="77452">
      <class name="sprint2.TC01LoginUsingEmailTest">
        <test-method is-config="true" signature="setUp()[pri:0, instance:sprint2.TC01LoginUsingEmailTest@2805c96b]" started-at="2020-08-10T11:14:01 PST" name="setUp" finished-at="2020-08-10T11:14:29 PST" duration-ms="27890" status="PASS">
          <reporter-output>
          </reporter-output>
        </test-method> <!-- setUp -->
        <test-method signature="test()[pri:0, instance:sprint2.TC01LoginUsingEmailTest@2805c96b]" started-at="2020-08-10T11:14:29 PST" name="test" finished-at="2020-08-10T11:15:09 PST" duration-ms="40495" status="PASS">
          <reporter-output>
          </reporter-output>
        </test-method> <!-- test -->
        <test-method is-config="true" signature="tearDown()[pri:0, instance:sprint2.TC01LoginUsingEmailTest@2805c96b]" started-at="2020-08-10T11:15:09 PST" name="tearDown" finished-at="2020-08-10T11:15:19 PST" duration-ms="9009" status="PASS">
          <reporter-output>
          </reporter-output>
        </test-method> <!-- tearDown -->
      </class> <!-- sprint2.TC01LoginUsingEmailTest -->
    </test> <!-- Default test -->
  </suite> <!-- Default suite -->
</testng-results>
