<?xml version="1.0" encoding="UTF-8"?>
<!-- Generated by org.testng.reporters.JUnitXMLReporter -->
<testsuite ignored="0" hostname="V10WY-vclorenzow10l" failures="0" tests="3" name="Application Test2" time="0.009" errors="0" timestamp="2020-07-17T00:28:47 PST">
  <testcase classname="testNG_Collection.TestNG_Suite3" name="testMethod1" time="0.0"/>
  <testcase classname="testNG_Collection.TestNG_Suite3" name="testMethod2" time="0.001"/>
  <testcase classname="testNG_Collection.TestNG_Suite3" name="testMethod3" time="0.0"/>
</testsuite> <!-- Application Test2 -->
