<?xml version="1.0" encoding="UTF-8"?>
<!-- Generated by org.testng.reporters.JUnitXMLReporter -->
<testsuite ignored="2" hostname="V10WY-vclorenzow10l" failures="0" tests="6" name="Application Test" time="0.054" errors="0" timestamp="2020-07-17T00:24:56 PST">
  <testcase classname="testNG_Collection.TestNG_Suite1" name="testMethod1" time="0.007"/>
  <testcase classname="testNG_Collection.TestNG_Suite1" name="testMethod2" time="0.004"/>
  <testcase classname="testNG_Collection.TestNG_Suite1" name="testMethod3" time="0.001"/>
  <testcase classname="testNG_Collection.TestNG_Suite2" name="testMethod1" time="0.001"/>
  <testcase classname="testNG_Collection.TestNG_Suite2" name="testMethod2" time="0.001"/>
  <testcase classname="testNG_Collection.TestNG_Suite2" name="testMethod3" time="0.001"/>
  <testcase classname="testNG_Collection.TestNG_SuiteAnnotations" name="@BeforeSuite beforeSuite" time="0.0">
    <ignored/>
  </testcase> <!-- @BeforeSuite beforeSuite -->
  <testcase classname="testNG_Collection.TestNG_SuiteAnnotations" name="@AfterSuite afterSuite" time="0.0">
    <ignored/>
  </testcase> <!-- @AfterSuite afterSuite -->
</testsuite> <!-- Application Test -->
