<?xml version="1.0" encoding="UTF-8"?>
<!-- Generated by org.testng.reporters.JUnitXMLReporter -->
<testsuite ignored="0" hostname="V10WY-vclorenzow10l" failures="0" tests="3" name="Application Test1" time="0.059" errors="0" timestamp="2020-07-19T17:01:43 PST">
  <testcase classname="testNG_Collection.TestNG_Suite4" name="testMethod1" time="0.01"/>
  <testcase classname="testNG_Collection.TestNG_Suite4" name="testMethod2" time="0.005"/>
  <testcase classname="testNG_Collection.TestNG_Suite4" name="testMethod3" time="0.001"/>
</testsuite> <!-- Application Test1 -->
