<?xml version="1.0" encoding="UTF-8"?>
<!-- Generated by org.testng.reporters.JUnitXMLReporter -->
<testsuite ignored="0" hostname="V10WY-vclorenzow10l" failures="0" tests="3" name="GroupsDemo" time="0.061" errors="0" timestamp="2020-07-19T16:55:15 PST">
  <testcase classname="testNG_Collection.TestNG_Suite4" name="testMethod1" time="0.009"/>
  <testcase classname="testNG_Collection.TestNG_Suite4" name="testMethod2" time="0.006"/>
  <testcase classname="testNG_Collection.TestNG_Suite4" name="testMethod3" time="0.001"/>
</testsuite> <!-- GroupsDemo -->
